2012-03-05 12:57:50 Error: [MissingControllerException] Controller class UsersController could not be found.
#0 /srv/http/app/webroot/index.php(96): Dispatcher->dispatch(Object(CakeRequest), Object(CakeResponse))
#1 {main}
2012-03-05 12:59:47 Error: [MissingActionException] Action UsersController::logi() could not be found.
#0 /srv/http/lib/Cake/Routing/Dispatcher.php(103): Controller->invokeAction(Object(CakeRequest))
#1 /srv/http/lib/Cake/Routing/Dispatcher.php(85): Dispatcher->_invoke(Object(UsersController), Object(CakeRequest), Object(CakeResponse))
#2 /srv/http/app/webroot/index.php(96): Dispatcher->dispatch(Object(CakeRequest), Object(CakeResponse))
#3 {main}
2012-03-05 13:22:42 Error: [MissingControllerException] Controller class RegistersController could not be found.
#0 /srv/http/app/webroot/index.php(96): Dispatcher->dispatch(Object(CakeRequest), Object(CakeResponse))
#1 {main}
2012-03-05 13:23:08 Error: [MissingControllerException] Controller class RegistersController could not be found.
#0 /srv/http/app/webroot/index.php(96): Dispatcher->dispatch(Object(CakeRequest), Object(CakeResponse))
#1 {main}
2012-03-05 13:23:21 Error: [MissingControllerException] Controller class RegistersController could not be found.
#0 /srv/http/app/webroot/index.php(96): Dispatcher->dispatch(Object(CakeRequest), Object(CakeResponse))
#1 {main}
2012-03-05 13:23:28 Error: [MissingViewException] View file "/srv/http/app/View/Users/register_user.ctp" is missing.
#0 /srv/http/lib/Cake/View/View.php(460): View->_getViewFileName(NULL)
#1 /srv/http/lib/Cake/Controller/Controller.php(962): View->render(NULL, NULL)
#2 /srv/http/lib/Cake/Routing/Dispatcher.php(110): Controller->render()
#3 /srv/http/lib/Cake/Routing/Dispatcher.php(85): Dispatcher->_invoke(Object(UsersController), Object(CakeRequest), Object(CakeResponse))
#4 /srv/http/app/webroot/index.php(96): Dispatcher->dispatch(Object(CakeRequest), Object(CakeResponse))
#5 {main}
